[2024-04-24 18:01:01,813] INFO:testbed-run: Start test 15560
[2024-04-24 18:01:01,855] INFO:testbed-run: logs level: 0
[2024-04-24 18:01:01,988] DEBUG:testbed-run: Request state change to running
[2024-04-24 18:01:02,005] DEBUG:testbed-run: Candidate Nodes : 2 ['5.evb1000', '2.evb1000']
[2024-04-24 18:01:08,594] DEBUG:testbed-run: Upload and program: [('5.evb1000', 'Success'), ('2.evb1000', 'Success')]
[2024-04-24 18:01:08,595] DEBUG:executor: Listen on port 6000
[2024-04-24 18:01:08,595] DEBUG:executor: Opened listen socket
[2024-04-24 18:01:09,633] DEBUG:testbed-run: Start node: [('5.evb1000', 'Success'), ('2.evb1000', 'Success')]
[2024-04-24 18:01:09,634] INFO:testbed-run: Early check test started on 0 nodes over 2
[2024-04-24 18:01:11,200] INFO:executor: New connection from ('10.196.80.3', 42818)
[2024-04-24 18:01:11,311] INFO:executor: New connection from ('10.196.80.6', 42642)
[2024-04-24 18:01:11,375] INFO:evb1000.2: 2.evb1000 < b'DW1000 Radio Configuration: '
[2024-04-24 18:01:11,376] INFO:evb1000.2: 2.evb1000 < b'  Channel: 4'
[2024-04-24 18:01:11,376] INFO:evb1000.2: 2.evb1000 < b'  PRF: 2'
[2024-04-24 18:01:11,376] INFO:evb1000.2: 2.evb1000 < b'  PLEN: 20'
[2024-04-24 18:01:11,376] INFO:evb1000.2: 2.evb1000 < b'  PAC Size: 0'
[2024-04-24 18:01:11,376] INFO:evb1000.2: 2.evb1000 < b'  TX Pre Code: 17'
[2024-04-24 18:01:11,376] INFO:evb1000.2: 2.evb1000 < b'  RX Pre Code: 17'
[2024-04-24 18:01:11,376] INFO:evb1000.2: 2.evb1000 < b'  Non-std SFD: 0'
[2024-04-24 18:01:11,376] INFO:evb1000.2: 2.evb1000 < b'  Data Rate: 2'
[2024-04-24 18:01:11,376] INFO:evb1000.2: 2.evb1000 < b'  PHR Mode: 0'
[2024-04-24 18:01:11,376] INFO:evb1000.2: 2.evb1000 < b'  SFD Timeout: 129'
[2024-04-24 18:01:11,376] INFO:evb1000.2: 2.evb1000 < b'  Smart TX power: 1'
[2024-04-24 18:01:11,376] INFO:evb1000.2: 2.evb1000 < b'  PG Delay: 95'
[2024-04-24 18:01:11,376] INFO:evb1000.2: 2.evb1000 < b'  TX Power: 3a5a7a9a'
[2024-04-24 18:01:11,376] INFO:evb1000.2: 2.evb1000 < b'  RX ant delay: 16455'
[2024-04-24 18:01:11,376] INFO:evb1000.2: 2.evb1000 < b'  TX ant delay: 16455'
[2024-04-24 18:01:11,376] INFO:evb1000.2: 2.evb1000 < b'  LDE NTM: 13'
[2024-04-24 18:01:11,376] INFO:evb1000.2: 2.evb1000 < b'  LDE PMULT: 3'
[2024-04-24 18:01:11,513] INFO:evb1000.5: 5.evb1000 < b'DW1000 Radio Configuration: '
[2024-04-24 18:01:11,514] INFO:evb1000.5: 5.evb1000 < b'  Channel: 4'
[2024-04-24 18:01:11,514] INFO:evb1000.5: 5.evb1000 < b'  PRF: 2'
[2024-04-24 18:01:11,514] INFO:evb1000.5: 5.evb1000 < b'  PLEN: 20'
[2024-04-24 18:01:11,514] INFO:evb1000.5: 5.evb1000 < b'  PAC Size: 0'
[2024-04-24 18:01:11,514] INFO:evb1000.5: 5.evb1000 < b'  TX Pre Code: 17'
[2024-04-24 18:01:11,514] INFO:evb1000.5: 5.evb1000 < b'  RX Pre Code: 17'
[2024-04-24 18:01:11,514] INFO:evb1000.5: 5.evb1000 < b'  Non-std SFD: 0'
[2024-04-24 18:01:11,514] INFO:evb1000.5: 5.evb1000 < b'  Data Rate: 2'
[2024-04-24 18:01:11,514] INFO:evb1000.5: 5.evb1000 < b'  PHR Mode: 0'
[2024-04-24 18:01:11,514] INFO:evb1000.5: 5.evb1000 < b'  SFD Timeout: 129'
[2024-04-24 18:01:11,514] INFO:evb1000.5: 5.evb1000 < b'  Smart TX power: 1'
[2024-04-24 18:01:11,514] INFO:evb1000.5: 5.evb1000 < b'  PG Delay: 95'
[2024-04-24 18:01:11,514] INFO:evb1000.5: 5.evb1000 < b'  TX Power: 3a5a7a9a'
[2024-04-24 18:01:11,514] INFO:evb1000.5: 5.evb1000 < b'  RX ant delay: 16455'
[2024-04-24 18:01:11,514] INFO:evb1000.5: 5.evb1000 < b'  TX ant delay: 16455'
[2024-04-24 18:01:11,514] INFO:evb1000.5: 5.evb1000 < b'  LDE NTM: 13'
[2024-04-24 18:01:11,514] INFO:evb1000.5: 5.evb1000 < b'  LDE PMULT: 3'
[2024-04-24 18:01:11,642] INFO:testbed-run: Test started on 2 nodes over 2
[2024-04-24 18:01:11,642] DEBUG:testbed-run: ActiveNodes: 2 ['2.evb1000', '5.evb1000']
[2024-04-24 18:01:11,642] INFO:testbed-run: test timeout started
[2024-04-24 18:01:12,081] INFO:evb1000.2: 2.evb1000 < b'I am 1915'
[2024-04-24 18:01:12,081] INFO:evb1000.2: 2.evb1000 < b'RX enabled'
[2024-04-24 18:01:12,219] INFO:evb1000.5: 5.evb1000 < b'I am 11a3'
[2024-04-24 18:01:12,719] INFO:evb1000.5: 5.evb1000 < b'[1] ranging with 1915 ...'
[2024-04-24 18:01:12,719] INFO:evb1000.5: 5.evb1000 < b'RANGING OK [11:a3->19:15] 8489 mm [1.000000][0.000513]'
[2024-04-24 18:01:12,720] INFO:evb1000.2: 2.evb1000 < b'[1] RESP 11:a3 at 85909013063 (ts: 85876228881->85909013063)'
[2024-04-24 18:01:12,720] INFO:evb1000.2: 2.evb1000 < b'RX enabled'
[2024-04-24 18:01:13,220] INFO:evb1000.2: 2.evb1000 < b'[2] RESP 11:a3 at 117920744519 (ts: 117887960463->117920744519)'
[2024-04-24 18:01:13,220] INFO:evb1000.2: 2.evb1000 < b'RX enabled'
[2024-04-24 18:01:13,220] INFO:evb1000.5: 5.evb1000 < b'[2] ranging with 1915 ...'
[2024-04-24 18:01:13,220] INFO:evb1000.5: 5.evb1000 < b'RANGING OK [11:a3->19:15] 8512 mm [1.000000][0.000513]'
[2024-04-24 18:01:13,722] INFO:evb1000.2: 2.evb1000 < b'[3] RESP 11:a3 at 149932460103 (ts: 149899676056->149932460103)'
[2024-04-24 18:01:13,722] INFO:evb1000.2: 2.evb1000 < b'RX enabled'
[2024-04-24 18:01:13,723] INFO:evb1000.5: 5.evb1000 < b'[3] ranging with 1915 ...'
[2024-04-24 18:01:13,723] INFO:evb1000.5: 5.evb1000 < b'RANGING OK [11:a3->19:15] 8468 mm [1.000000][0.000513]'
[2024-04-24 18:01:14,222] INFO:evb1000.5: 5.evb1000 < b'[4] ranging with 1915 ...'
[2024-04-24 18:01:14,222] INFO:evb1000.5: 5.evb1000 < b'RANGING OK [11:a3->19:15] 8541 mm [1.000000][0.000513]'
[2024-04-24 18:01:14,223] INFO:evb1000.2: 2.evb1000 < b'[4] RESP 11:a3 at 181944172615 (ts: 181911388493->181944172615)'
[2024-04-24 18:01:14,223] INFO:evb1000.2: 2.evb1000 < b'RX enabled'
[2024-04-24 18:01:14,723] INFO:evb1000.2: 2.evb1000 < b'[5] RESP 11:a3 at 213955907143 (ts: 213923122777->213955907143)'
[2024-04-24 18:01:14,724] INFO:evb1000.2: 2.evb1000 < b'RX enabled'
[2024-04-24 18:01:14,724] INFO:evb1000.5: 5.evb1000 < b'[5] ranging with 1915 ...'
[2024-04-24 18:01:14,724] INFO:evb1000.5: 5.evb1000 < b'RANGING OK [11:a3->19:15] 8494 mm [1.000000][0.000513]'
[2024-04-24 18:01:15,224] INFO:evb1000.5: 5.evb1000 < b'[6] ranging with 1915 ...'
[2024-04-24 18:01:15,224] INFO:evb1000.5: 5.evb1000 < b'RANGING OK [11:a3->19:15] 8531 mm [1.000000][0.000513]'
[2024-04-24 18:01:15,225] INFO:evb1000.2: 2.evb1000 < b'[6] RESP 11:a3 at 245967675975 (ts: 245934891848->245967675975)'
[2024-04-24 18:01:15,225] INFO:evb1000.2: 2.evb1000 < b'RX enabled'
[2024-04-24 18:01:15,725] INFO:evb1000.2: 2.evb1000 < b'[7] RESP 11:a3 at 277979419207 (ts: 277946634786->277979419207)'
[2024-04-24 18:01:15,725] INFO:evb1000.2: 2.evb1000 < b'RX enabled'
[2024-04-24 18:01:15,726] INFO:evb1000.5: 5.evb1000 < b'[7] ranging with 1915 ...'
[2024-04-24 18:01:15,726] INFO:evb1000.5: 5.evb1000 < b'RANGING OK [11:a3->19:15] 8484 mm [1.000000][0.000513]'
[2024-04-24 18:01:16,227] INFO:evb1000.2: 2.evb1000 < b'[8] RESP 11:a3 at 309990931015 (ts: 309958146896->309990931015)'
[2024-04-24 18:01:16,227] INFO:evb1000.2: 2.evb1000 < b'RX enabled'
[2024-04-24 18:01:16,227] INFO:evb1000.5: 5.evb1000 < b'[8] ranging with 1915 ...'
[2024-04-24 18:01:16,227] INFO:evb1000.5: 5.evb1000 < b'RANGING OK [11:a3->19:15] 8524 mm [1.000000][0.000513]'
[2024-04-24 18:01:16,727] INFO:evb1000.5: 5.evb1000 < b'[9] ranging with 1915 ...'
[2024-04-24 18:01:16,727] INFO:evb1000.5: 5.evb1000 < b'RANGING OK [11:a3->19:15] 8538 mm [1.000000][0.000513]'
[2024-04-24 18:01:16,728] INFO:evb1000.2: 2.evb1000 < b'[9] RESP 11:a3 at 342002614855 (ts: 341969830664->342002614855)'
[2024-04-24 18:01:16,728] INFO:evb1000.2: 2.evb1000 < b'RX enabled'
[2024-04-24 18:01:17,228] INFO:evb1000.2: 2.evb1000 < b'[10] RESP 11:a3 at 374014892615 (ts: 373982108527->374014892615)'
[2024-04-24 18:01:17,229] INFO:evb1000.2: 2.evb1000 < b'RX enabled'
[2024-04-24 18:01:17,229] INFO:evb1000.5: 5.evb1000 < b'[10] ranging with 1915 ...'
[2024-04-24 18:01:17,229] INFO:evb1000.5: 5.evb1000 < b'RANGING OK [11:a3->19:15] 8517 mm [1.000000][0.000513]'
[2024-04-24 18:01:17,729] INFO:evb1000.5: 5.evb1000 < b'[11] ranging with 1915 ...'
[2024-04-24 18:01:17,729] INFO:evb1000.5: 5.evb1000 < b'RANGING OK [11:a3->19:15] 8534 mm [1.000000][0.000513]'
[2024-04-24 18:01:17,730] INFO:evb1000.2: 2.evb1000 < b'[11] RESP 11:a3 at 406026619975 (ts: 405993835731->406026619975)'
[2024-04-24 18:01:17,730] INFO:evb1000.2: 2.evb1000 < b'RX enabled'
[2024-04-24 18:01:18,230] INFO:evb1000.2: 2.evb1000 < b'[12] RESP 11:a3 at 438038368327 (ts: 438005584208->438038368327)'
[2024-04-24 18:01:18,230] INFO:evb1000.2: 2.evb1000 < b'RX enabled'
[2024-04-24 18:01:18,230] INFO:evb1000.5: 5.evb1000 < b'[12] ranging with 1915 ...'
[2024-04-24 18:01:18,230] INFO:evb1000.5: 5.evb1000 < b'RANGING OK [11:a3->19:15] 8531 mm [1.000000][0.000513]'
[2024-04-24 18:01:18,731] INFO:evb1000.5: 5.evb1000 < b'[13] ranging with 1915 ...'
[2024-04-24 18:01:18,731] INFO:evb1000.5: 5.evb1000 < b'RANGING OK [11:a3->19:15] 8543 mm [1.000000][0.000513]'
[2024-04-24 18:01:18,731] INFO:evb1000.2: 2.evb1000 < b'[13] RESP 11:a3 at 470050086471 (ts: 470017302284->470050086471)'
[2024-04-24 18:01:18,731] INFO:evb1000.2: 2.evb1000 < b'RX enabled'
[2024-04-24 18:01:19,232] INFO:evb1000.5: 5.evb1000 < b'[14] ranging with 1915 ...'
[2024-04-24 18:01:19,232] INFO:evb1000.5: 5.evb1000 < b'RANGING OK [11:a3->19:15] 8559 mm [1.000000][0.000513]'
[2024-04-24 18:01:19,233] INFO:evb1000.2: 2.evb1000 < b'[14] RESP 11:a3 at 502061816903 (ts: 502029032507->502061816903)'
[2024-04-24 18:01:19,233] INFO:evb1000.2: 2.evb1000 < b'RX enabled'
[2024-04-24 18:01:19,733] INFO:evb1000.2: 2.evb1000 < b'[15] RESP 11:a3 at 534073542727 (ts: 534040758514->534073542727)'
[2024-04-24 18:01:19,734] INFO:evb1000.2: 2.evb1000 < b'RX enabled'
[2024-04-24 18:01:19,734] INFO:evb1000.5: 5.evb1000 < b'[15] ranging with 1915 ...'
[2024-04-24 18:01:19,734] INFO:evb1000.5: 5.evb1000 < b'RANGING OK [11:a3->19:15] 8548 mm [1.000000][0.000513]'
[2024-04-24 18:01:20,234] INFO:evb1000.5: 5.evb1000 < b'[16] ranging with 1915 ...'
[2024-04-24 18:01:20,234] INFO:evb1000.5: 5.evb1000 < b'RANGING OK [11:a3->19:15] 8459 mm [1.000000][0.000513]'
[2024-04-24 18:01:20,235] INFO:evb1000.2: 2.evb1000 < b'[16] RESP 11:a3 at 566085245511 (ts: 566052461376->566085245511)'
[2024-04-24 18:01:20,235] INFO:evb1000.2: 2.evb1000 < b'RX enabled'
[2024-04-24 18:01:20,735] INFO:evb1000.2: 2.evb1000 < b'[17] RESP 11:a3 at 598097003591 (ts: 598064219503->598097003591)'
[2024-04-24 18:01:20,735] INFO:evb1000.2: 2.evb1000 < b'RX enabled'
[2024-04-24 18:01:20,735] INFO:evb1000.5: 5.evb1000 < b'[17] ranging with 1915 ...'
[2024-04-24 18:01:20,735] INFO:evb1000.5: 5.evb1000 < b'RANGING OK [11:a3->19:15] 8522 mm [1.000000][0.000513]'
[2024-04-24 18:01:21,236] INFO:evb1000.5: 5.evb1000 < b'[18] ranging with 1915 ...'
[2024-04-24 18:01:21,236] INFO:evb1000.5: 5.evb1000 < b'RANGING OK [11:a3->19:15] 8454 mm [1.000000][0.000513]'
[2024-04-24 18:01:21,236] INFO:evb1000.2: 2.evb1000 < b'[18] RESP 11:a3 at 630108707911 (ts: 630075923801->630108707911)'
[2024-04-24 18:01:21,236] INFO:evb1000.2: 2.evb1000 < b'RX enabled'
[2024-04-24 18:01:21,737] INFO:evb1000.5: 5.evb1000 < b'[19] ranging with 1915 ...'
[2024-04-24 18:01:21,737] INFO:evb1000.5: 5.evb1000 < b'RANGING OK [11:a3->19:15] 8475 mm [1.000000][0.000513]'
[2024-04-24 18:01:21,738] INFO:evb1000.2: 2.evb1000 < b'[19] RESP 11:a3 at 662120454215 (ts: 662087670108->662120454215)'
[2024-04-24 18:01:21,738] INFO:evb1000.2: 2.evb1000 < b'RX enabled'
[2024-04-24 18:01:22,238] INFO:evb1000.2: 2.evb1000 < b'[20] RESP 11:a3 at 694132127815 (ts: 694099343723->694132127815)'
[2024-04-24 18:01:22,239] INFO:evb1000.2: 2.evb1000 < b'RX enabled'
[2024-04-24 18:01:22,239] INFO:evb1000.5: 5.evb1000 < b'[20] ranging with 1915 ...'
[2024-04-24 18:01:22,239] INFO:evb1000.5: 5.evb1000 < b'RANGING OK [11:a3->19:15] 8520 mm [1.000000][0.000513]'
[2024-04-24 18:01:22,739] INFO:evb1000.5: 5.evb1000 < b'[21] ranging with 1915 ...'
[2024-04-24 18:01:22,739] INFO:evb1000.5: 5.evb1000 < b'RANGING OK [11:a3->19:15] 8496 mm [1.000000][0.000513]'
[2024-04-24 18:01:22,740] INFO:evb1000.2: 2.evb1000 < b'[21] RESP 11:a3 at 726143868487 (ts: 726111084437->726143868487)'
[2024-04-24 18:01:22,740] INFO:evb1000.2: 2.evb1000 < b'RX enabled'
[2024-04-24 18:01:23,240] INFO:evb1000.2: 2.evb1000 < b'[22] RESP 11:a3 at 758155609671 (ts: 758122825707->758155609671)'
[2024-04-24 18:01:23,240] INFO:evb1000.2: 2.evb1000 < b'RX enabled'
[2024-04-24 18:01:23,240] INFO:evb1000.5: 5.evb1000 < b'[22] ranging with 1915 ...'
[2024-04-24 18:01:23,240] INFO:evb1000.5: 5.evb1000 < b'RANGING OK [11:a3->19:15] 8515 mm [1.000000][0.000513]'
[2024-04-24 18:01:23,741] INFO:evb1000.5: 5.evb1000 < b'[23] ranging with 1915 ...'
[2024-04-24 18:01:23,741] INFO:evb1000.5: 5.evb1000 < b'RANGING OK [11:a3->19:15] 8559 mm [1.000000][0.000513]'
[2024-04-24 18:01:23,743] INFO:evb1000.2: 2.evb1000 < b'[23] RESP 11:a3 at 790167342151 (ts: 790134557837->790167342151)'
[2024-04-24 18:01:23,743] INFO:evb1000.2: 2.evb1000 < b'RX enabled'
[2024-04-24 18:01:24,242] INFO:evb1000.5: 5.evb1000 < b'[24] ranging with 1915 ...'
[2024-04-24 18:01:24,242] INFO:evb1000.5: 5.evb1000 < b'RANGING OK [11:a3->19:15] 8578 mm [1.000000][0.000513]'
[2024-04-24 18:01:24,243] INFO:evb1000.2: 2.evb1000 < b'[24] RESP 11:a3 at 822179053639 (ts: 822146269574->822179053639)'
[2024-04-24 18:01:24,243] INFO:evb1000.2: 2.evb1000 < b'RX enabled'
[2024-04-24 18:01:24,743] INFO:evb1000.2: 2.evb1000 < b'[25] RESP 11:a3 at 854190748743 (ts: 854157964492->854190748743)'
[2024-04-24 18:01:24,744] INFO:evb1000.2: 2.evb1000 < b'RX enabled'
[2024-04-24 18:01:24,744] INFO:evb1000.5: 5.evb1000 < b'[25] ranging with 1915 ...'
[2024-04-24 18:01:24,744] INFO:evb1000.5: 5.evb1000 < b'RANGING OK [11:a3->19:15] 8555 mm [1.000000][0.000513]'
[2024-04-24 18:01:25,244] INFO:evb1000.5: 5.evb1000 < b'[26] ranging with 1915 ...'
[2024-04-24 18:01:25,244] INFO:evb1000.5: 5.evb1000 < b'RANGING OK [11:a3->19:15] 8510 mm [1.000000][0.000513]'
[2024-04-24 18:01:25,245] INFO:evb1000.2: 2.evb1000 < b'[26] RESP 11:a3 at 886202454599 (ts: 886169670299->886202454599)'
[2024-04-24 18:01:25,245] INFO:evb1000.2: 2.evb1000 < b'RX enabled'
[2024-04-24 18:01:25,745] INFO:evb1000.2: 2.evb1000 < b'[27] RESP 11:a3 at 918214205511 (ts: 918181421262->918214205511)'
[2024-04-24 18:01:25,745] INFO:evb1000.2: 2.evb1000 < b'RX enabled'
[2024-04-24 18:01:25,745] INFO:evb1000.5: 5.evb1000 < b'[27] ranging with 1915 ...'
[2024-04-24 18:01:25,745] INFO:evb1000.5: 5.evb1000 < b'RANGING OK [11:a3->19:15] 8496 mm [1.000000][0.000513]'
[2024-04-24 18:01:26,246] INFO:evb1000.5: 5.evb1000 < b'[28] ranging with 1915 ...'
[2024-04-24 18:01:26,246] INFO:evb1000.5: 5.evb1000 < b'RANGING OK [11:a3->19:15] 8470 mm [1.000000][0.000513]'
[2024-04-24 18:01:26,246] INFO:evb1000.2: 2.evb1000 < b'[28] RESP 11:a3 at 950225899591 (ts: 950193115534->950225899591)'
[2024-04-24 18:01:26,246] INFO:evb1000.2: 2.evb1000 < b'RX enabled'
[2024-04-24 18:01:26,747] INFO:evb1000.5: 5.evb1000 < b'[29] ranging with 1915 ...'
[2024-04-24 18:01:26,747] INFO:evb1000.5: 5.evb1000 < b'RANGING OK [11:a3->19:15] 8545 mm [1.000000][0.000513]'
[2024-04-24 18:01:26,748] INFO:evb1000.2: 2.evb1000 < b'[29] RESP 11:a3 at 982237636167 (ts: 982204851961->982237636167)'
[2024-04-24 18:01:26,748] INFO:evb1000.2: 2.evb1000 < b'RX enabled'
[2024-04-24 18:01:27,248] INFO:evb1000.2: 2.evb1000 < b'[30] RESP 11:a3 at 1014249332295 (ts: 1014216548081->1014249332295)'
[2024-04-24 18:01:27,249] INFO:evb1000.2: 2.evb1000 < b'RX enabled'
[2024-04-24 18:01:27,249] INFO:evb1000.5: 5.evb1000 < b'[30] ranging with 1915 ...'
[2024-04-24 18:01:27,249] INFO:evb1000.5: 5.evb1000 < b'RANGING OK [11:a3->19:15] 8543 mm [1.000000][0.000513]'
[2024-04-24 18:01:27,750] INFO:evb1000.2: 2.evb1000 < b'[31] RESP 11:a3 at 1046261029447 (ts: 1046228245394->1046261029447)'
[2024-04-24 18:01:27,750] INFO:evb1000.2: 2.evb1000 < b'RX enabled'
[2024-04-24 18:01:27,751] INFO:evb1000.5: 5.evb1000 < b'[31] ranging with 1915 ...'
[2024-04-24 18:01:27,751] INFO:evb1000.5: 5.evb1000 < b'RANGING OK [11:a3->19:15] 8480 mm [1.000000][0.000513]'
[2024-04-24 18:01:28,250] INFO:evb1000.2: 2.evb1000 < b'[32] RESP 11:a3 at 1078272744519 (ts: 1078239960313->1078272744519)'
[2024-04-24 18:01:28,250] INFO:evb1000.2: 2.evb1000 < b'RX enabled'
[2024-04-24 18:01:28,250] INFO:evb1000.5: 5.evb1000 < b'[32] ranging with 1915 ...'
[2024-04-24 18:01:28,250] INFO:evb1000.5: 5.evb1000 < b'RANGING OK [11:a3->19:15] 8559 mm [1.000000][0.000513]'
[2024-04-24 18:01:28,751] INFO:evb1000.5: 5.evb1000 < b'[33] ranging with 1915 ...'
[2024-04-24 18:01:28,751] INFO:evb1000.5: 5.evb1000 < b'RANGING OK [11:a3->19:15] 8545 mm [1.000000][0.000513]'
[2024-04-24 18:01:28,753] INFO:evb1000.2: 2.evb1000 < b'[33] RESP 11:a3 at 10772880455 (ts: 10740096266->10772880455)'
[2024-04-24 18:01:28,753] INFO:evb1000.2: 2.evb1000 < b'RX enabled'
[2024-04-24 18:01:29,252] INFO:evb1000.5: 5.evb1000 < b'[34] ranging with 1915 ...'
[2024-04-24 18:01:29,252] INFO:evb1000.5: 5.evb1000 < b'RANGING OK [11:a3->19:15] 8482 mm [1.000000][0.000513]'
[2024-04-24 18:01:29,253] INFO:evb1000.2: 2.evb1000 < b'[34] RESP 11:a3 at 42784610887 (ts: 42751826906->42784610887)'
[2024-04-24 18:01:29,253] INFO:evb1000.2: 2.evb1000 < b'RX enabled'
[2024-04-24 18:01:29,753] INFO:evb1000.2: 2.evb1000 < b'[35] RESP 11:a3 at 74796321863 (ts: 74763537808->74796321863)'
[2024-04-24 18:01:29,754] INFO:evb1000.2: 2.evb1000 < b'RX enabled'
[2024-04-24 18:01:29,754] INFO:evb1000.5: 5.evb1000 < b'[35] ranging with 1915 ...'
[2024-04-24 18:01:29,754] INFO:evb1000.5: 5.evb1000 < b'RANGING OK [11:a3->19:15] 8520 mm [1.000000][0.000513]'
[2024-04-24 18:01:30,254] INFO:evb1000.5: 5.evb1000 < b'[36] ranging with 1915 ...'
[2024-04-24 18:01:30,254] INFO:evb1000.5: 5.evb1000 < b'RANGING OK [11:a3->19:15] 8569 mm [1.000000][0.000513]'
[2024-04-24 18:01:30,255] INFO:evb1000.2: 2.evb1000 < b'[36] RESP 11:a3 at 106808005703 (ts: 106775221260->106808005703)'
[2024-04-24 18:01:30,255] INFO:evb1000.2: 2.evb1000 < b'RX enabled'
[2024-04-24 18:01:30,755] INFO:evb1000.2: 2.evb1000 < b'[37] RESP 11:a3 at 138819724359 (ts: 138786940239->138819724359)'
[2024-04-24 18:01:30,755] INFO:evb1000.2: 2.evb1000 < b'RX enabled'
[2024-04-24 18:01:30,755] INFO:evb1000.5: 5.evb1000 < b'[37] ranging with 1915 ...'
[2024-04-24 18:01:30,755] INFO:evb1000.5: 5.evb1000 < b'RANGING OK [11:a3->19:15] 8538 mm [1.000000][0.000513]'
[2024-04-24 18:01:31,256] INFO:evb1000.5: 5.evb1000 < b'[38] ranging with 1915 ...'
[2024-04-24 18:01:31,256] INFO:evb1000.5: 5.evb1000 < b'RANGING OK [11:a3->19:15] 8559 mm [1.000000][0.000513]'
[2024-04-24 18:01:31,256] INFO:evb1000.2: 2.evb1000 < b'[38] RESP 11:a3 at 170831439943 (ts: 170798655883->170831439943)'
[2024-04-24 18:01:31,256] INFO:evb1000.2: 2.evb1000 < b'RX enabled'
[2024-04-24 18:01:31,757] INFO:evb1000.5: 5.evb1000 < b'[39] ranging with 1915 ...'
[2024-04-24 18:01:31,757] INFO:evb1000.5: 5.evb1000 < b'RANGING OK [11:a3->19:15] 8489 mm [1.000000][0.000513]'
[2024-04-24 18:01:31,758] INFO:evb1000.2: 2.evb1000 < b'[39] RESP 11:a3 at 202843176519 (ts: 202810392208->202843176519)'
[2024-04-24 18:01:31,758] INFO:evb1000.2: 2.evb1000 < b'RX enabled'
[2024-04-24 18:01:32,258] INFO:evb1000.2: 2.evb1000 < b'[40] RESP 11:a3 at 234854850631 (ts: 234822066329->234854850631)'
[2024-04-24 18:01:32,259] INFO:evb1000.2: 2.evb1000 < b'RX enabled'
[2024-04-24 18:01:32,259] INFO:evb1000.5: 5.evb1000 < b'[40] ranging with 1915 ...'
[2024-04-24 18:01:32,259] INFO:evb1000.5: 5.evb1000 < b'RANGING OK [11:a3->19:15] 8520 mm [1.000000][0.000513]'
[2024-04-24 18:01:32,759] INFO:evb1000.5: 5.evb1000 < b'[41] ranging with 1915 ...'
[2024-04-24 18:01:32,759] INFO:evb1000.5: 5.evb1000 < b'RANGING OK [11:a3->19:15] 8545 mm [1.000000][0.000513]'
[2024-04-24 18:01:32,760] INFO:evb1000.2: 2.evb1000 < b'[41] RESP 11:a3 at 266866612807 (ts: 266833828751->266866612807)'
[2024-04-24 18:01:32,760] INFO:evb1000.2: 2.evb1000 < b'RX enabled'
[2024-04-24 18:01:33,260] INFO:evb1000.2: 2.evb1000 < b'[42] RESP 11:a3 at 298878322247 (ts: 298845538173->298878322247)'
[2024-04-24 18:01:33,260] INFO:evb1000.2: 2.evb1000 < b'RX enabled'
[2024-04-24 18:01:33,260] INFO:evb1000.5: 5.evb1000 < b'[42] ranging with 1915 ...'
[2024-04-24 18:01:33,260] INFO:evb1000.5: 5.evb1000 < b'RANGING OK [11:a3->19:15] 8555 mm [1.000000][0.000513]'
[2024-04-24 18:01:33,761] INFO:evb1000.5: 5.evb1000 < b'[43] ranging with 1915 ...'
[2024-04-24 18:01:33,761] INFO:evb1000.5: 5.evb1000 < b'RANGING OK [11:a3->19:15] 8524 mm [1.000000][0.000513]'
[2024-04-24 18:01:33,762] INFO:evb1000.2: 2.evb1000 < b'[43] RESP 11:a3 at 330890035271 (ts: 330857250897->330890035271)'
[2024-04-24 18:01:33,762] INFO:evb1000.2: 2.evb1000 < b'RX enabled'
[2024-04-24 18:01:34,262] INFO:evb1000.5: 5.evb1000 < b'[44] ranging with 1915 ...'
[2024-04-24 18:01:34,262] INFO:evb1000.5: 5.evb1000 < b'RANGING OK [11:a3->19:15] 8548 mm [1.000000][0.000513]'
[2024-04-24 18:01:34,263] INFO:evb1000.2: 2.evb1000 < b'[44] RESP 11:a3 at 362901748295 (ts: 362868963890->362901748295)'
[2024-04-24 18:01:34,263] INFO:evb1000.2: 2.evb1000 < b'RX enabled'
[2024-04-24 18:01:34,763] INFO:evb1000.2: 2.evb1000 < b'[45] RESP 11:a3 at 394913408071 (ts: 394880623884->394913408071)'
[2024-04-24 18:01:34,763] INFO:evb1000.2: 2.evb1000 < b'RX enabled'
[2024-04-24 18:01:34,764] INFO:evb1000.5: 5.evb1000 < b'[45] ranging with 1915 ...'
[2024-04-24 18:01:34,764] INFO:evb1000.5: 5.evb1000 < b'RANGING OK [11:a3->19:15] 8545 mm [1.000000][0.000513]'
[2024-04-24 18:01:35,264] INFO:evb1000.5: 5.evb1000 < b'[46] ranging with 1915 ...'
[2024-04-24 18:01:35,264] INFO:evb1000.5: 5.evb1000 < b'RANGING OK [11:a3->19:15] 8557 mm [1.000000][0.000513]'
[2024-04-24 18:01:35,265] INFO:evb1000.2: 2.evb1000 < b'[46] RESP 11:a3 at 426925150791 (ts: 426892366607->426925150791)'
[2024-04-24 18:01:35,265] INFO:evb1000.2: 2.evb1000 < b'RX enabled'
[2024-04-24 18:01:35,765] INFO:evb1000.2: 2.evb1000 < b'[47] RESP 11:a3 at 458936864327 (ts: 458904079884->458936864327)'
[2024-04-24 18:01:35,765] INFO:evb1000.2: 2.evb1000 < b'RX enabled'
[2024-04-24 18:01:35,765] INFO:evb1000.5: 5.evb1000 < b'[47] ranging with 1915 ...'
[2024-04-24 18:01:35,765] INFO:evb1000.5: 5.evb1000 < b'RANGING OK [11:a3->19:15] 8569 mm [1.000000][0.000513]'
[2024-04-24 18:01:36,266] INFO:evb1000.5: 5.evb1000 < b'[48] ranging with 1915 ...'
[2024-04-24 18:01:36,266] INFO:evb1000.5: 5.evb1000 < b'RANGING OK [11:a3->19:15] 8494 mm [1.000000][0.000513]'
[2024-04-24 18:01:36,266] INFO:evb1000.2: 2.evb1000 < b'[48] RESP 11:a3 at 490948555335 (ts: 490915770891->490948555335)'
[2024-04-24 18:01:36,266] INFO:evb1000.2: 2.evb1000 < b'RX enabled'
[2024-04-24 18:01:36,767] INFO:evb1000.5: 5.evb1000 < b'[49] ranging with 1915 ...'
[2024-04-24 18:01:36,767] INFO:evb1000.5: 5.evb1000 < b'RANGING OK [11:a3->19:15] 8578 mm [1.000000][0.000513]'
[2024-04-24 18:01:36,768] INFO:evb1000.2: 2.evb1000 < b'[49] RESP 11:a3 at 522960292423 (ts: 522927508288->522960292423)'
[2024-04-24 18:01:36,768] INFO:evb1000.2: 2.evb1000 < b'RX enabled'
[2024-04-24 18:01:37,268] INFO:evb1000.2: 2.evb1000 < b'[50] RESP 11:a3 at 554971998279 (ts: 554939214209->554971998279)'
[2024-04-24 18:01:37,269] INFO:evb1000.2: 2.evb1000 < b'RX enabled'
[2024-04-24 18:01:37,269] INFO:evb1000.5: 5.evb1000 < b'[50] ranging with 1915 ...'
[2024-04-24 18:01:37,269] INFO:evb1000.5: 5.evb1000 < b'RANGING OK [11:a3->19:15] 8573 mm [1.000000][0.000513]'
[2024-04-24 18:01:37,769] INFO:evb1000.5: 5.evb1000 < b'[51] ranging with 1915 ...'
[2024-04-24 18:01:37,769] INFO:evb1000.5: 5.evb1000 < b'RANGING OK [11:a3->19:15] 8559 mm [1.000000][0.000513]'
[2024-04-24 18:01:37,770] INFO:evb1000.2: 2.evb1000 < b'[51] RESP 11:a3 at 586983732295 (ts: 586950948052->586983732295)'
[2024-04-24 18:01:37,770] INFO:evb1000.2: 2.evb1000 < b'RX enabled'
[2024-04-24 18:01:38,270] INFO:evb1000.2: 2.evb1000 < b'[52] RESP 11:a3 at 618995398215 (ts: 618962614098->618995398215)'
[2024-04-24 18:01:38,270] INFO:evb1000.2: 2.evb1000 < b'RX enabled'
[2024-04-24 18:01:38,270] INFO:evb1000.5: 5.evb1000 < b'[52] ranging with 1915 ...'
[2024-04-24 18:01:38,270] INFO:evb1000.5: 5.evb1000 < b'RANGING OK [11:a3->19:15] 8569 mm [1.000000][0.000513]'
[2024-04-24 18:01:38,771] INFO:evb1000.5: 5.evb1000 < b'[53] ranging with 1915 ...'
[2024-04-24 18:01:38,771] INFO:evb1000.5: 5.evb1000 < b'RANGING OK [11:a3->19:15] 8585 mm [1.000000][0.000513]'
[2024-04-24 18:01:38,778] INFO:evb1000.2: 2.evb1000 < b'[53] RESP 11:a3 at 651007104583 (ts: 650974320379->651007104583)'
[2024-04-24 18:01:38,778] INFO:evb1000.2: 2.evb1000 < b'RX enabled'
[2024-04-24 18:01:39,272] INFO:evb1000.5: 5.evb1000 < b'[54] ranging with 1915 ...'
[2024-04-24 18:01:39,272] INFO:evb1000.5: 5.evb1000 < b'RANGING OK [11:a3->19:15] 8581 mm [1.000000][0.000513]'
[2024-04-24 18:01:39,273] INFO:evb1000.2: 2.evb1000 < b'[54] RESP 11:a3 at 683018838087 (ts: 682986054084->683018838087)'
[2024-04-24 18:01:39,273] INFO:evb1000.2: 2.evb1000 < b'RX enabled'
[2024-04-24 18:01:39,773] INFO:evb1000.2: 2.evb1000 < b'[55] RESP 11:a3 at 715030548551 (ts: 714997764523->715030548551)'
[2024-04-24 18:01:39,773] INFO:evb1000.2: 2.evb1000 < b'RX enabled'
[2024-04-24 18:01:39,774] INFO:evb1000.5: 5.evb1000 < b'[55] ranging with 1915 ...'
[2024-04-24 18:01:39,774] INFO:evb1000.5: 5.evb1000 < b'RANGING OK [11:a3->19:15] 8527 mm [1.000000][0.000513]'
[2024-04-24 18:01:40,274] INFO:evb1000.5: 5.evb1000 < b'[56] ranging with 1915 ...'
[2024-04-24 18:01:40,274] INFO:evb1000.5: 5.evb1000 < b'RANGING OK [11:a3->19:15] 8609 mm [1.000000][0.000513]'
[2024-04-24 18:01:40,275] INFO:evb1000.2: 2.evb1000 < b'[56] RESP 11:a3 at 747042233415 (ts: 747009449175->747042233415)'
[2024-04-24 18:01:40,275] INFO:evb1000.2: 2.evb1000 < b'RX enabled'
[2024-04-24 18:01:40,775] INFO:evb1000.2: 2.evb1000 < b'[57] RESP 11:a3 at 779053944903 (ts: 779021160714->779053944903)'
[2024-04-24 18:01:40,775] INFO:evb1000.2: 2.evb1000 < b'RX enabled'
[2024-04-24 18:01:40,775] INFO:evb1000.5: 5.evb1000 < b'[57] ranging with 1915 ...'
[2024-04-24 18:01:40,775] INFO:evb1000.5: 5.evb1000 < b'RANGING OK [11:a3->19:15] 8585 mm [1.000000][0.000513]'
[2024-04-24 18:01:41,276] INFO:evb1000.5: 5.evb1000 < b'[58] ranging with 1915 ...'
[2024-04-24 18:01:41,276] INFO:evb1000.5: 5.evb1000 < b'RANGING OK [11:a3->19:15] 8592 mm [1.000000][0.000513]'
[2024-04-24 18:01:41,276] INFO:evb1000.2: 2.evb1000 < b'[58] RESP 11:a3 at 811065674823 (ts: 811032890507->811065674823)'
[2024-04-24 18:01:41,276] INFO:evb1000.2: 2.evb1000 < b'RX enabled'
[2024-04-24 18:01:41,777] INFO:evb1000.5: 5.evb1000 < b'[59] ranging with 1915 ...'
[2024-04-24 18:01:41,777] INFO:evb1000.5: 5.evb1000 < b'RANGING OK [11:a3->19:15] 8543 mm [1.000000][0.000513]'
[2024-04-24 18:01:41,778] INFO:evb1000.2: 2.evb1000 < b'[59] RESP 11:a3 at 843077381703 (ts: 843044597548->843077381703)'
[2024-04-24 18:01:41,778] INFO:evb1000.2: 2.evb1000 < b'RX enabled'
[2024-04-24 18:01:42,278] INFO:evb1000.2: 2.evb1000 < b'[60] RESP 11:a3 at 875089087559 (ts: 875056303376->875089087559)'
[2024-04-24 18:01:42,278] INFO:evb1000.2: 2.evb1000 < b'RX enabled'
[2024-04-24 18:01:42,279] INFO:evb1000.5: 5.evb1000 < b'[60] ranging with 1915 ...'
[2024-04-24 18:01:42,279] INFO:evb1000.5: 5.evb1000 < b'RANGING OK [11:a3->19:15] 8581 mm [1.000000][0.000513]'
[2024-04-24 18:01:42,779] INFO:evb1000.5: 5.evb1000 < b'[61] ranging with 1915 ...'
[2024-04-24 18:01:42,779] INFO:evb1000.5: 5.evb1000 < b'RANGING OK [11:a3->19:15] 8515 mm [1.000000][0.000513]'
[2024-04-24 18:01:42,780] INFO:evb1000.2: 2.evb1000 < b'[61] RESP 11:a3 at 907100777543 (ts: 907067993115->907100777543)'
[2024-04-24 18:01:42,780] INFO:evb1000.2: 2.evb1000 < b'RX enabled'
[2024-04-24 18:01:43,280] INFO:evb1000.2: 2.evb1000 < b'[62] RESP 11:a3 at 939112525383 (ts: 939079741052->939112525383)'
[2024-04-24 18:01:43,280] INFO:evb1000.2: 2.evb1000 < b'RX enabled'
[2024-04-24 18:01:43,280] INFO:evb1000.5: 5.evb1000 < b'[62] ranging with 1915 ...'
[2024-04-24 18:01:43,280] INFO:evb1000.5: 5.evb1000 < b'RANGING OK [11:a3->19:15] 8557 mm [1.000000][0.000513]'
[2024-04-24 18:01:43,781] INFO:evb1000.5: 5.evb1000 < b'[63] ranging with 1915 ...'
[2024-04-24 18:01:43,781] INFO:evb1000.5: 5.evb1000 < b'RANGING OK [11:a3->19:15] 8613 mm [1.000000][0.000513]'
[2024-04-24 18:01:43,782] INFO:evb1000.2: 2.evb1000 < b'[63] RESP 11:a3 at 971124183623 (ts: 971091399191->971124183623)'
[2024-04-24 18:01:43,782] INFO:evb1000.2: 2.evb1000 < b'RX enabled'
[2024-04-24 18:01:44,282] INFO:evb1000.5: 5.evb1000 < b'[64] ranging with 1915 ...'
[2024-04-24 18:01:44,282] INFO:evb1000.5: 5.evb1000 < b'RANGING OK [11:a3->19:15] 8566 mm [1.000000][0.000513]'
[2024-04-24 18:01:44,283] INFO:evb1000.2: 2.evb1000 < b'[64] RESP 11:a3 at 1003135918151 (ts: 1003103133903->1003135918151)'
[2024-04-24 18:01:44,283] INFO:evb1000.2: 2.evb1000 < b'RX enabled'
[2024-04-24 18:01:44,783] INFO:evb1000.2: 2.evb1000 < b'[65] RESP 11:a3 at 1035147646535 (ts: 1035114862294->1035147646535)'
[2024-04-24 18:01:44,783] INFO:evb1000.2: 2.evb1000 < b'RX enabled'
[2024-04-24 18:01:44,784] INFO:evb1000.5: 5.evb1000 < b'[65] ranging with 1915 ...'
[2024-04-24 18:01:44,784] INFO:evb1000.5: 5.evb1000 < b'RANGING OK [11:a3->19:15] 8541 mm [1.000000][0.000513]'
[2024-04-24 18:01:45,284] INFO:evb1000.5: 5.evb1000 < b'[66] ranging with 1915 ...'
[2024-04-24 18:01:45,284] INFO:evb1000.5: 5.evb1000 < b'RANGING OK [11:a3->19:15] 8562 mm [1.000000][0.000513]'
[2024-04-24 18:01:45,285] INFO:evb1000.2: 2.evb1000 < b'[66] RESP 11:a3 at 1067159308871 (ts: 1067126524476->1067159308871)'
[2024-04-24 18:01:45,285] INFO:evb1000.2: 2.evb1000 < b'RX enabled'
[2024-04-24 18:01:45,785] INFO:evb1000.2: 2.evb1000 < b'[67] RESP 11:a3 at 1099171057735 (ts: 1099138273493->1099171057735)'
[2024-04-24 18:01:45,785] INFO:evb1000.2: 2.evb1000 < b'RX enabled'
[2024-04-24 18:01:45,785] INFO:evb1000.5: 5.evb1000 < b'[67] ranging with 1915 ...'
[2024-04-24 18:01:45,785] INFO:evb1000.5: 5.evb1000 < b'RANGING OK [11:a3->19:15] 8573 mm [1.000000][0.000513]'
[2024-04-24 18:01:46,286] INFO:evb1000.5: 5.evb1000 < b'[68] ranging with 1915 ...'
[2024-04-24 18:01:46,286] INFO:evb1000.5: 5.evb1000 < b'RANGING OK [11:a3->19:15] 8616 mm [1.000000][0.000513]'
[2024-04-24 18:01:46,286] INFO:evb1000.2: 2.evb1000 < b'[68] RESP 11:a3 at 31671356999 (ts: 31638572753->31671356999)'
[2024-04-24 18:01:46,286] INFO:evb1000.2: 2.evb1000 < b'RX enabled'
[2024-04-24 18:01:46,787] INFO:evb1000.5: 5.evb1000 < b'[69] ranging with 1915 ...'
[2024-04-24 18:01:46,787] INFO:evb1000.5: 5.evb1000 < b'RANGING OK [11:a3->19:15] 8548 mm [1.000000][0.000513]'
[2024-04-24 18:01:46,788] INFO:evb1000.2: 2.evb1000 < b'[69] RESP 11:a3 at 63683100231 (ts: 63650316282->63683100231)'
[2024-04-24 18:01:46,788] INFO:evb1000.2: 2.evb1000 < b'RX enabled'
[2024-04-24 18:01:47,288] INFO:evb1000.2: 2.evb1000 < b'[70] RESP 11:a3 at 95694771783 (ts: 95661987448->95694771783)'
[2024-04-24 18:01:47,288] INFO:evb1000.2: 2.evb1000 < b'RX enabled'
[2024-04-24 18:01:47,288] INFO:evb1000.5: 5.evb1000 < b'[70] ranging with 1915 ...'
[2024-04-24 18:01:47,289] INFO:evb1000.5: 5.evb1000 < b'RANGING OK [11:a3->19:15] 8585 mm [1.000000][0.000513]'
[2024-04-24 18:01:47,789] INFO:evb1000.5: 5.evb1000 < b'[71] ranging with 1915 ...'
[2024-04-24 18:01:47,789] INFO:evb1000.5: 5.evb1000 < b'RANGING OK [11:a3->19:15] 8578 mm [1.000000][0.000513]'
[2024-04-24 18:01:47,790] INFO:evb1000.2: 2.evb1000 < b'[71] RESP 11:a3 at 127706485319 (ts: 127673700926->127706485319)'
[2024-04-24 18:01:47,790] INFO:evb1000.2: 2.evb1000 < b'RX enabled'
[2024-04-24 18:01:48,290] INFO:evb1000.2: 2.evb1000 < b'[72] RESP 11:a3 at 159718236743 (ts: 159685452624->159718236743)'
[2024-04-24 18:01:48,290] INFO:evb1000.2: 2.evb1000 < b'RX enabled'
[2024-04-24 18:01:48,291] INFO:evb1000.5: 5.evb1000 < b'[72] ranging with 1915 ...'
[2024-04-24 18:01:48,291] INFO:evb1000.5: 5.evb1000 < b'RANGING OK [11:a3->19:15] 8585 mm [1.000000][0.000513]'
[2024-04-24 18:01:48,791] INFO:evb1000.5: 5.evb1000 < b'[73] ranging with 1915 ...'
[2024-04-24 18:01:48,791] INFO:evb1000.5: 5.evb1000 < b'RANGING OK [11:a3->19:15] 8599 mm [1.000000][0.000513]'
[2024-04-24 18:01:48,793] INFO:evb1000.2: 2.evb1000 < b'[73] RESP 11:a3 at 191729946695 (ts: 191697162696->191729946695)'
[2024-04-24 18:01:48,793] INFO:evb1000.2: 2.evb1000 < b'RX enabled'
[2024-04-24 18:01:49,290] INFO:evb1000.5: 5.evb1000 < b'[74] ranging with 1915 ...'
[2024-04-24 18:01:49,292] INFO:evb1000.5: 5.evb1000 < b'RANGING OK [11:a3->19:15] 8564 mm [1.000000][0.000513]'
[2024-04-24 18:01:49,293] INFO:evb1000.2: 2.evb1000 < b'[74] RESP 11:a3 at 223742230599 (ts: 223709446517->223742230599)'
[2024-04-24 18:01:49,293] INFO:evb1000.2: 2.evb1000 < b'RX enabled'
[2024-04-24 18:01:49,790] INFO:evb1000.5: 5.evb1000 < b'[75] ranging with 1915 ...'
[2024-04-24 18:01:49,792] INFO:evb1000.5: 5.evb1000 < b'RANGING OK [11:a3->19:15] 8590 mm [1.000000][0.000513]'
[2024-04-24 18:01:49,793] INFO:evb1000.2: 2.evb1000 < b'[75] RESP 11:a3 at 255753899079 (ts: 255721114764->255753899079)'
[2024-04-24 18:01:49,793] INFO:evb1000.2: 2.evb1000 < b'RX enabled'
[2024-04-24 18:01:50,291] INFO:evb1000.5: 5.evb1000 < b'[76] ranging with 1915 ...'
[2024-04-24 18:01:50,294] INFO:evb1000.5: 5.evb1000 < b'RANGING OK [11:a3->19:15] 8588 mm [1.000000][0.000513]'
[2024-04-24 18:01:50,294] INFO:evb1000.2: 2.evb1000 < b'[76] RESP 11:a3 at 287765628487 (ts: 287732844290->287765628487)'
[2024-04-24 18:01:50,295] INFO:evb1000.2: 2.evb1000 < b'RX enabled'
[2024-04-24 18:01:50,791] INFO:evb1000.5: 5.evb1000 < b'[77] ranging with 1915 ...'
[2024-04-24 18:01:50,795] INFO:evb1000.2: 2.evb1000 < b'[77] RESP 11:a3 at 319777298503 (ts: 319744514252->319777298503)'
[2024-04-24 18:01:50,795] INFO:evb1000.2: 2.evb1000 < b'RX enabled'
[2024-04-24 18:01:50,795] INFO:evb1000.5: 5.evb1000 < b'RANGING OK [11:a3->19:15] 8616 mm [1.000000][0.000513]'
[2024-04-24 18:01:51,293] INFO:evb1000.5: 5.evb1000 < b'[78] ranging with 1915 ...'
[2024-04-24 18:01:51,295] INFO:evb1000.5: 5.evb1000 < b'RANGING OK [11:a3->19:15] 8569 mm [1.000000][0.000513]'
[2024-04-24 18:01:51,296] INFO:evb1000.2: 2.evb1000 < b'[78] RESP 11:a3 at 351789043783 (ts: 351756259815->351789043783)'
[2024-04-24 18:01:51,296] INFO:evb1000.2: 2.evb1000 < b'RX enabled'
[2024-04-24 18:01:51,794] INFO:evb1000.5: 5.evb1000 < b'[79] ranging with 1915 ...'
[2024-04-24 18:01:51,797] INFO:evb1000.5: 5.evb1000 < b'RANGING OK [11:a3->19:15] 8522 mm [1.000000][0.000513]'
[2024-04-24 18:01:51,798] INFO:evb1000.2: 2.evb1000 < b'[79] RESP 11:a3 at 383800775239 (ts: 383767990882->383800775239)'
[2024-04-24 18:01:51,798] INFO:evb1000.2: 2.evb1000 < b'RX enabled'
[2024-04-24 18:01:52,295] INFO:evb1000.5: 5.evb1000 < b'[80] ranging with 1915 ...'
[2024-04-24 18:01:52,297] INFO:evb1000.5: 5.evb1000 < b'RANGING OK [11:a3->19:15] 8578 mm [1.000000][0.000513]'
[2024-04-24 18:01:52,298] INFO:evb1000.2: 2.evb1000 < b'[80] RESP 11:a3 at 415812458567 (ts: 415779674186->415812458567)'
[2024-04-24 18:01:52,298] INFO:evb1000.2: 2.evb1000 < b'RX enabled'
[2024-04-24 18:01:52,796] INFO:evb1000.5: 5.evb1000 < b'[81] ranging with 1915 ...'
[2024-04-24 18:01:52,799] INFO:evb1000.5: 5.evb1000 < b'RANGING OK [11:a3->19:15] 8592 mm [1.000000][0.000513]'
[2024-04-24 18:01:52,799] INFO:evb1000.2: 2.evb1000 < b'[81] RESP 11:a3 at 447823327303 (ts: 447790543250->447823327303)'
[2024-04-24 18:01:52,800] INFO:evb1000.2: 2.evb1000 < b'RX enabled'
[2024-04-24 18:01:53,297] INFO:evb1000.5: 5.evb1000 < b'[82] ranging with 1915 ...'
[2024-04-24 18:01:53,300] INFO:evb1000.2: 2.evb1000 < b'[82] RESP 11:a3 at 479835044423 (ts: 479802260032->479835044423)'
[2024-04-24 18:01:53,300] INFO:evb1000.2: 2.evb1000 < b'RX enabled'
[2024-04-24 18:01:53,300] INFO:evb1000.5: 5.evb1000 < b'RANGING OK [11:a3->19:15] 8566 mm [1.000000][0.000513]'
[2024-04-24 18:01:53,798] INFO:evb1000.5: 5.evb1000 < b'[83] ranging with 1915 ...'
[2024-04-24 18:01:53,800] INFO:evb1000.5: 5.evb1000 < b'RANGING OK [11:a3->19:15] 8585 mm [1.000000][0.000513]'
[2024-04-24 18:01:53,801] INFO:evb1000.2: 2.evb1000 < b'[83] RESP 11:a3 at 511846747207 (ts: 511813962829->511846747207)'
[2024-04-24 18:01:53,801] INFO:evb1000.2: 2.evb1000 < b'RX enabled'
[2024-04-24 18:01:54,300] INFO:evb1000.5: 5.evb1000 < b'[84] ranging with 1915 ...'
[2024-04-24 18:01:54,302] INFO:evb1000.5: 5.evb1000 < b'RANGING OK [11:a3->19:15] 8611 mm [1.000000][0.000513]'
[2024-04-24 18:01:54,303] INFO:evb1000.2: 2.evb1000 < b'[84] RESP 11:a3 at 543858490951 (ts: 543825706963->543858490951)'
[2024-04-24 18:01:54,303] INFO:evb1000.2: 2.evb1000 < b'RX enabled'
[2024-04-24 18:01:54,800] INFO:evb1000.5: 5.evb1000 < b'[85] ranging with 1915 ...'
[2024-04-24 18:01:54,802] INFO:evb1000.5: 5.evb1000 < b'RANGING OK [11:a3->19:15] 8573 mm [1.000000][0.000513]'
[2024-04-24 18:01:54,803] INFO:evb1000.2: 2.evb1000 < b'[85] RESP 11:a3 at 575870158407 (ts: 575837374131->575870158407)'
[2024-04-24 18:01:54,803] INFO:evb1000.2: 2.evb1000 < b'RX enabled'
[2024-04-24 18:01:55,301] INFO:evb1000.5: 5.evb1000 < b'[86] ranging with 1915 ...'
[2024-04-24 18:01:55,304] INFO:evb1000.5: 5.evb1000 < b'RANGING OK [11:a3->19:15] 8588 mm [1.000000][0.000513]'
[2024-04-24 18:01:55,304] INFO:evb1000.2: 2.evb1000 < b'[86] RESP 11:a3 at 607881865287 (ts: 607849081091->607881865287)'
[2024-04-24 18:01:55,304] INFO:evb1000.2: 2.evb1000 < b'RX enabled'
[2024-04-24 18:01:55,802] INFO:evb1000.5: 5.evb1000 < b'[87] ranging with 1915 ...'
[2024-04-24 18:01:55,805] INFO:evb1000.2: 2.evb1000 < b'[87] RESP 11:a3 at 639893572679 (ts: 639860788429->639893572679)'
[2024-04-24 18:01:55,805] INFO:evb1000.2: 2.evb1000 < b'RX enabled'
[2024-04-24 18:01:55,805] INFO:evb1000.5: 5.evb1000 < b'RANGING OK [11:a3->19:15] 8606 mm [1.000000][0.000513]'
[2024-04-24 18:01:56,303] INFO:evb1000.5: 5.evb1000 < b'[88] ranging with 1915 ...'
[2024-04-24 18:01:56,305] INFO:evb1000.5: 5.evb1000 < b'RANGING OK [11:a3->19:15] 8538 mm [1.000000][0.000513]'
[2024-04-24 18:01:56,306] INFO:evb1000.2: 2.evb1000 < b'[88] RESP 11:a3 at 671905279047 (ts: 671872495090->671905279047)'
[2024-04-24 18:01:56,306] INFO:evb1000.2: 2.evb1000 < b'RX enabled'
[2024-04-24 18:01:56,804] INFO:evb1000.5: 5.evb1000 < b'[89] ranging with 1915 ...'
[2024-04-24 18:01:56,807] INFO:evb1000.5: 5.evb1000 < b'RANGING OK [11:a3->19:15] 8571 mm [1.000000][0.000513]'
[2024-04-24 18:01:56,808] INFO:evb1000.2: 2.evb1000 < b'[89] RESP 11:a3 at 703917028935 (ts: 703884244618->703917028935)'
[2024-04-24 18:01:56,808] INFO:evb1000.2: 2.evb1000 < b'RX enabled'
[2024-04-24 18:01:57,305] INFO:evb1000.5: 5.evb1000 < b'[90] ranging with 1915 ...'
[2024-04-24 18:01:57,307] INFO:evb1000.5: 5.evb1000 < b'RANGING OK [11:a3->19:15] 8552 mm [1.000000][0.000513]'
[2024-04-24 18:01:57,308] INFO:evb1000.2: 2.evb1000 < b'[90] RESP 11:a3 at 735928731719 (ts: 735895947412->735928731719)'
[2024-04-24 18:01:57,308] INFO:evb1000.2: 2.evb1000 < b'RX enabled'
[2024-04-24 18:01:57,806] INFO:evb1000.5: 5.evb1000 < b'[91] ranging with 1915 ...'
[2024-04-24 18:01:57,809] INFO:evb1000.5: 5.evb1000 < b'RANGING OK [11:a3->19:15] 8557 mm [1.000000][0.000513]'
[2024-04-24 18:01:57,809] INFO:evb1000.2: 2.evb1000 < b'[91] RESP 11:a3 at 767940397639 (ts: 767907613201->767940397639)'
[2024-04-24 18:01:57,809] INFO:evb1000.2: 2.evb1000 < b'RX enabled'
[2024-04-24 18:01:58,307] INFO:evb1000.5: 5.evb1000 < b'[92] ranging with 1915 ...'
[2024-04-24 18:01:58,310] INFO:evb1000.2: 2.evb1000 < b'[92] RESP 11:a3 at 799952145479 (ts: 799919361291->799952145479)'
[2024-04-24 18:01:58,310] INFO:evb1000.2: 2.evb1000 < b'RX enabled'
[2024-04-24 18:01:58,310] INFO:evb1000.5: 5.evb1000 < b'RANGING OK [11:a3->19:15] 8595 mm [1.000000][0.000513]'
[2024-04-24 18:01:58,808] INFO:evb1000.5: 5.evb1000 < b'[93] ranging with 1915 ...'
[2024-04-24 18:01:58,810] INFO:evb1000.5: 5.evb1000 < b'RANGING OK [11:a3->19:15] 8548 mm [1.000000][0.000513]'
[2024-04-24 18:01:58,811] INFO:evb1000.2: 2.evb1000 < b'[93] RESP 11:a3 at 831963848775 (ts: 831931064669->831963848775)'
[2024-04-24 18:01:58,811] INFO:evb1000.2: 2.evb1000 < b'RX enabled'
[2024-04-24 18:01:59,310] INFO:evb1000.5: 5.evb1000 < b'[94] ranging with 1915 ...'
[2024-04-24 18:01:59,312] INFO:evb1000.5: 5.evb1000 < b'RANGING OK [11:a3->19:15] 8604 mm [1.000000][0.000513]'
[2024-04-24 18:01:59,313] INFO:evb1000.2: 2.evb1000 < b'[94] RESP 11:a3 at 863975530567 (ts: 863942746433->863975530567)'
[2024-04-24 18:01:59,313] INFO:evb1000.2: 2.evb1000 < b'RX enabled'
[2024-04-24 18:01:59,810] INFO:evb1000.5: 5.evb1000 < b'[95] ranging with 1915 ...'
[2024-04-24 18:01:59,812] INFO:evb1000.5: 5.evb1000 < b'RANGING OK [11:a3->19:15] 8611 mm [1.000000][0.000513]'
[2024-04-24 18:01:59,813] INFO:evb1000.2: 2.evb1000 < b'[95] RESP 11:a3 at 895987226695 (ts: 895954442387->895987226695)'
[2024-04-24 18:01:59,813] INFO:evb1000.2: 2.evb1000 < b'RX enabled'
[2024-04-24 18:02:00,311] INFO:evb1000.5: 5.evb1000 < b'[96] ranging with 1915 ...'
[2024-04-24 18:02:00,314] INFO:evb1000.5: 5.evb1000 < b'RANGING OK [11:a3->19:15] 8585 mm [1.000000][0.000513]'
[2024-04-24 18:02:00,314] INFO:evb1000.2: 2.evb1000 < b'[96] RESP 11:a3 at 927998942279 (ts: 927966158156->927998942279)'
[2024-04-24 18:02:00,314] INFO:evb1000.2: 2.evb1000 < b'RX enabled'
[2024-04-24 18:02:00,811] INFO:evb1000.5: 5.evb1000 < b'[97] ranging with 1915 ...'
[2024-04-24 18:02:00,815] INFO:evb1000.2: 2.evb1000 < b'[97] RESP 11:a3 at 960010666055 (ts: 959977882004->960010666055)'
[2024-04-24 18:02:00,815] INFO:evb1000.2: 2.evb1000 < b'RX enabled'
[2024-04-24 18:02:00,815] INFO:evb1000.5: 5.evb1000 < b'RANGING OK [11:a3->19:15] 8602 mm [1.000000][0.000513]'
[2024-04-24 18:02:01,313] INFO:evb1000.5: 5.evb1000 < b'[98] ranging with 1915 ...'
[2024-04-24 18:02:01,315] INFO:evb1000.5: 5.evb1000 < b'RANGING OK [11:a3->19:15] 8618 mm [1.000000][0.000513]'
[2024-04-24 18:02:01,316] INFO:evb1000.2: 2.evb1000 < b'[98] RESP 11:a3 at 992022349895 (ts: 991989565770->992022349895)'
[2024-04-24 18:02:01,316] INFO:evb1000.2: 2.evb1000 < b'RX enabled'
[2024-04-24 18:02:01,814] INFO:evb1000.5: 5.evb1000 < b'[99] ranging with 1915 ...'
[2024-04-24 18:02:01,817] INFO:evb1000.5: 5.evb1000 < b'RANGING OK [11:a3->19:15] 8548 mm [1.000000][0.000513]'
[2024-04-24 18:02:01,818] INFO:evb1000.2: 2.evb1000 < b'[99] RESP 11:a3 at 1024034034247 (ts: 1024001249880->1024034034247)'
[2024-04-24 18:02:01,818] INFO:evb1000.2: 2.evb1000 < b'RX enabled'
[2024-04-24 18:02:02,315] INFO:evb1000.5: 5.evb1000 < b'[100] ranging with 1915 ...'
[2024-04-24 18:02:02,317] INFO:evb1000.5: 5.evb1000 < b'RANGING OK [11:a3->19:15] 8606 mm [1.000000][0.000513]'
[2024-04-24 18:02:02,318] INFO:evb1000.2: 2.evb1000 < b'[100] RESP 11:a3 at 1056046061127 (ts: 1056013276947->1056046061127)'
[2024-04-24 18:02:02,318] INFO:evb1000.2: 2.evb1000 < b'RX enabled'
[2024-04-24 18:02:02,816] INFO:evb1000.5: 5.evb1000 < b'[101] ranging with 1915 ...'
[2024-04-24 18:02:02,819] INFO:evb1000.5: 5.evb1000 < b'RANGING OK [11:a3->19:15] 8576 mm [1.000000][0.000513]'
[2024-04-24 18:02:02,819] INFO:evb1000.2: 2.evb1000 < b'[101] RESP 11:a3 at 1088057723463 (ts: 1088024939313->1088057723463)'
[2024-04-24 18:02:02,819] INFO:evb1000.2: 2.evb1000 < b'RX enabled'
[2024-04-24 18:02:03,316] INFO:evb1000.5: 5.evb1000 < b'[102] ranging with 1915 ...'
[2024-04-24 18:02:03,320] INFO:evb1000.2: 2.evb1000 < b'[102] RESP 11:a3 at 20557819975 (ts: 20525035720->20557819975)'
[2024-04-24 18:02:03,320] INFO:evb1000.2: 2.evb1000 < b'RX enabled'
[2024-04-24 18:02:03,320] INFO:evb1000.5: 5.evb1000 < b'RANGING OK [11:a3->19:15] 8576 mm [1.000000][0.000513]'
[2024-04-24 18:02:03,818] INFO:evb1000.5: 5.evb1000 < b'[103] ranging with 1915 ...'
[2024-04-24 18:02:03,820] INFO:evb1000.5: 5.evb1000 < b'RANGING OK [11:a3->19:15] 8550 mm [1.000000][0.000513]'
[2024-04-24 18:02:03,821] INFO:evb1000.2: 2.evb1000 < b'[103] RESP 11:a3 at 52569501255 (ts: 52536717289->52569501255)'
[2024-04-24 18:02:03,821] INFO:evb1000.2: 2.evb1000 < b'RX enabled'
[2024-04-24 18:02:04,319] INFO:evb1000.5: 5.evb1000 < b'[104] ranging with 1915 ...'
[2024-04-24 18:02:04,322] INFO:evb1000.5: 5.evb1000 < b'RANGING OK [11:a3->19:15] 8606 mm [1.000000][0.000513]'
[2024-04-24 18:02:04,323] INFO:evb1000.2: 2.evb1000 < b'[104] RESP 11:a3 at 84581204039 (ts: 84548419726->84581204039)'
[2024-04-24 18:02:04,323] INFO:evb1000.2: 2.evb1000 < b'RX enabled'
[2024-04-24 18:02:04,820] INFO:evb1000.5: 5.evb1000 < b'[105] ranging with 1915 ...'
[2024-04-24 18:02:04,822] INFO:evb1000.5: 5.evb1000 < b'RANGING OK [11:a3->19:15] 8595 mm [1.000000][0.000513]'
[2024-04-24 18:02:04,823] INFO:evb1000.2: 2.evb1000 < b'[105] RESP 11:a3 at 116592921159 (ts: 116560136852->116592921159)'
[2024-04-24 18:02:04,823] INFO:evb1000.2: 2.evb1000 < b'RX enabled'
[2024-04-24 18:02:05,321] INFO:evb1000.5: 5.evb1000 < b'[106] ranging with 1915 ...'
[2024-04-24 18:02:05,324] INFO:evb1000.5: 5.evb1000 < b'RANGING OK [11:a3->19:15] 8487 mm [1.000000][0.000513]'
[2024-04-24 18:02:05,324] INFO:evb1000.2: 2.evb1000 < b'[106] RESP 11:a3 at 148604604487 (ts: 148571820055->148604604487)'
[2024-04-24 18:02:05,324] INFO:evb1000.2: 2.evb1000 < b'RX enabled'
[2024-04-24 18:02:05,822] INFO:evb1000.5: 5.evb1000 < b'[107] ranging with 1915 ...'
[2024-04-24 18:02:05,825] INFO:evb1000.2: 2.evb1000 < b'[107] RESP 11:a3 at 180616298055 (ts: 180583513919->180616298055)'
[2024-04-24 18:02:05,825] INFO:evb1000.2: 2.evb1000 < b'RX enabled'
[2024-04-24 18:02:05,825] INFO:evb1000.5: 5.evb1000 < b'RANGING OK [11:a3->19:15] 8585 mm [1.000000][0.000513]'
[2024-04-24 18:02:06,323] INFO:evb1000.5: 5.evb1000 < b'[108] ranging with 1915 ...'
[2024-04-24 18:02:06,325] INFO:evb1000.5: 5.evb1000 < b'RANGING OK [11:a3->19:15] 8592 mm [1.000000][0.000513]'
[2024-04-24 18:02:06,326] INFO:evb1000.2: 2.evb1000 < b'[108] RESP 11:a3 at 212628026951 (ts: 212595242962->212628026951)'
[2024-04-24 18:02:06,326] INFO:evb1000.2: 2.evb1000 < b'RX enabled'
[2024-04-24 18:02:06,823] INFO:evb1000.5: 5.evb1000 < b'[109] ranging with 1915 ...'
[2024-04-24 18:02:06,827] INFO:evb1000.5: 5.evb1000 < b'RANGING OK [11:a3->19:15] 8510 mm [1.000000][0.000513]'
[2024-04-24 18:02:06,828] INFO:evb1000.2: 2.evb1000 < b'[109] RESP 11:a3 at 244639727175 (ts: 244606943193->244639727175)'
[2024-04-24 18:02:06,828] INFO:evb1000.2: 2.evb1000 < b'RX enabled'
[2024-04-24 18:02:07,325] INFO:evb1000.5: 5.evb1000 < b'[110] ranging with 1915 ...'
[2024-04-24 18:02:07,327] INFO:evb1000.5: 5.evb1000 < b'RANGING OK [11:a3->19:15] 8592 mm [1.000000][0.000513]'
[2024-04-24 18:02:07,328] INFO:evb1000.2: 2.evb1000 < b'[110] RESP 11:a3 at 276651433543 (ts: 276618649478->276651433543)'
[2024-04-24 18:02:07,328] INFO:evb1000.2: 2.evb1000 < b'RX enabled'
[2024-04-24 18:02:07,826] INFO:evb1000.5: 5.evb1000 < b'[111] ranging with 1915 ...'
[2024-04-24 18:02:07,829] INFO:evb1000.5: 5.evb1000 < b'RANGING OK [11:a3->19:15] 8564 mm [1.000000][0.000513]'
[2024-04-24 18:02:07,829] INFO:evb1000.2: 2.evb1000 < b'[111] RESP 11:a3 at 308663130695 (ts: 308630346388->308663130695)'
[2024-04-24 18:02:07,829] INFO:evb1000.2: 2.evb1000 < b'RX enabled'
[2024-04-24 18:02:08,327] INFO:evb1000.5: 5.evb1000 < b'[112] ranging with 1915 ...'
[2024-04-24 18:02:08,330] INFO:evb1000.2: 2.evb1000 < b'[112] RESP 11:a3 at 340674857543 (ts: 340642073419->340674857543)'
[2024-04-24 18:02:08,330] INFO:evb1000.2: 2.evb1000 < b'RX enabled'
[2024-04-24 18:02:08,330] INFO:evb1000.5: 5.evb1000 < b'RANGING OK [11:a3->19:15] 8627 mm [1.000000][0.000513]'
[2024-04-24 18:02:08,828] INFO:evb1000.5: 5.evb1000 < b'[113] ranging with 1915 ...'
[2024-04-24 18:02:08,830] INFO:evb1000.5: 5.evb1000 < b'RANGING OK [11:a3->19:15] 8557 mm [1.000000][0.000513]'
[2024-04-24 18:02:08,831] INFO:evb1000.2: 2.evb1000 < b'[113] RESP 11:a3 at 372686514247 (ts: 372653730132->372686514247)'
[2024-04-24 18:02:08,831] INFO:evb1000.2: 2.evb1000 < b'RX enabled'
[2024-04-24 18:02:09,328] INFO:evb1000.5: 5.evb1000 < b'[114] ranging with 1915 ...'
[2024-04-24 18:02:09,332] INFO:evb1000.5: 5.evb1000 < b'RANGING OK [11:a3->19:15] 8630 mm [1.000000][0.000513]'
[2024-04-24 18:02:09,333] INFO:evb1000.2: 2.evb1000 < b'[114] RESP 11:a3 at 404698264135 (ts: 404665479954->404698264135)'
[2024-04-24 18:02:09,333] INFO:evb1000.2: 2.evb1000 < b'RX enabled'
[2024-04-24 18:02:09,830] INFO:evb1000.5: 5.evb1000 < b'[115] ranging with 1915 ...'
[2024-04-24 18:02:09,832] INFO:evb1000.5: 5.evb1000 < b'RANGING OK [11:a3->19:15] 8576 mm [1.000000][0.000513]'
[2024-04-24 18:02:09,833] INFO:evb1000.2: 2.evb1000 < b'[115] RESP 11:a3 at 436709917767 (ts: 436677133372->436709917767)'
[2024-04-24 18:02:09,833] INFO:evb1000.2: 2.evb1000 < b'RX enabled'
[2024-04-24 18:02:10,331] INFO:evb1000.5: 5.evb1000 < b'[116] ranging with 1915 ...'
[2024-04-24 18:02:10,334] INFO:evb1000.5: 5.evb1000 < b'RANGING OK [11:a3->19:15] 8548 mm [1.000000][0.000513]'
[2024-04-24 18:02:10,334] INFO:evb1000.2: 2.evb1000 < b'[116] RESP 11:a3 at 468721654343 (ts: 468688870124->468721654343)'
[2024-04-24 18:02:10,334] INFO:evb1000.2: 2.evb1000 < b'RX enabled'
[2024-04-24 18:02:10,832] INFO:evb1000.5: 5.evb1000 < b'[117] ranging with 1915 ...'
[2024-04-24 18:02:10,835] INFO:evb1000.2: 2.evb1000 < b'[117] RESP 11:a3 at 500733353543 (ts: 500700569396->500733353543)'
[2024-04-24 18:02:10,835] INFO:evb1000.2: 2.evb1000 < b'RX enabled'
[2024-04-24 18:02:10,835] INFO:evb1000.5: 5.evb1000 < b'RANGING OK [11:a3->19:15] 8581 mm [1.000000][0.000513]'
[2024-04-24 18:02:11,333] INFO:evb1000.5: 5.evb1000 < b'[118] ranging with 1915 ...'
[2024-04-24 18:02:11,335] INFO:evb1000.5: 5.evb1000 < b'RANGING OK [11:a3->19:15] 8597 mm [1.000000][0.000513]'
[2024-04-24 18:02:11,336] INFO:evb1000.2: 2.evb1000 < b'[118] RESP 11:a3 at 532745010759 (ts: 532712226558->532745010759)'
[2024-04-24 18:02:11,336] INFO:evb1000.2: 2.evb1000 < b'RX enabled'
[2024-04-24 18:02:11,732] INFO:testbed-run: End test
[2024-04-24 18:02:11,732] DEBUG:testbed-run: Node to be closed 2 ['2.evb1000', '5.evb1000']
[2024-04-24 18:02:11,744] INFO:evb1000.5: 5.evb1000 < b''
[2024-04-24 18:02:11,744] INFO:evb1000.5: 5.evb1000 < b'SERIAL STAT Tx: 10002 Rx: 0'
[2024-04-24 18:02:11,744] INFO:executor: Lost connection with node 5.evb1000
[2024-04-24 18:02:11,744] INFO:evb1000.2: 2.evb1000 < b''
[2024-04-24 18:02:11,744] INFO:evb1000.2: 2.evb1000 < b'SERIAL STAT Tx: 9305 Rx: 0'
[2024-04-24 18:02:11,744] INFO:executor: Lost connection with node 2.evb1000
[2024-04-24 18:02:11,896] DEBUG:testbed-run: Node stoped: [('5.evb1000', 'Success'), ('2.evb1000', 'Success')]
[2024-04-24 18:02:12,750] DEBUG:executor: Exit from select loop
[2024-04-24 18:02:12,750] INFO:executor: Server closed
[2024-04-24 18:02:12,751] INFO:testbed-run: End test 15560
